app/manifest-merger-release-report.txt
-- Merging decision tree log ---
manifest
ADDED from AndroidManifest.xml:2:1
	xmlns:android
		ADDED from AndroidManifest.xml:2:11
	package
		ADDED from AndroidManifest.xml:3:5
		INJECTED from AndroidManifest.xml:0:0
		INJECTED from AndroidManifest.xml:0:0
	android:versionName
		INJECTED from AndroidManifest.xml:0:0
		INJECTED from AndroidManifest.xml:0:0
	android:versionCode
		INJECTED from AndroidManifest.xml:0:0
		INJECTED from AndroidManifest.xml:0:0
uses-sdk
ADDED from AndroidManifest.xml:5:5
MERGED from com.twitter.sdk.android:twitter:1.3.0:7:5
MERGED from com.digits.sdk.android:digits:1.2.0:7:5
MERGED from io.fabric.sdk.android:fabric:1.3.0:7:5
MERGED from com.twitter.sdk.android:twitter-core:1.3.0:7:5
MERGED from io.fabric.sdk.android:fabric:1.3.0:7:5
MERGED from com.twitter.sdk.android:tweet-ui:1.0.5:7:5
MERGED from io.fabric.sdk.android:fabric:1.3.0:7:5
MERGED from com.twitter.sdk.android:twitter-core:1.3.0:7:5
MERGED from io.fabric.sdk.android:fabric:1.3.0:7:5
MERGED from com.android.support:support-v4:21.0.3:15:5
MERGED from com.twitter.sdk.android:twitter-core:1.3.0:7:5
MERGED from io.fabric.sdk.android:fabric:1.3.0:7:5
MERGED from io.fabric.sdk.android:fabric:1.3.0:7:5
MERGED from com.twitter.sdk.android:tweet-composer:0.7.3:7:5
MERGED from io.fabric.sdk.android:fabric:1.3.0:7:5
MERGED from com.twitter.sdk.android:twitter-core:1.3.0:7:5
MERGED from io.fabric.sdk.android:fabric:1.3.0:7:5
MERGED from com.crashlytics.sdk.android:crashlytics:2.2.2:7:5
MERGED from com.crashlytics.sdk.android:answers:1.1.2:7:5
MERGED from io.fabric.sdk.android:fabric:1.3.0:7:5
MERGED from io.fabric.sdk.android:fabric:1.3.0:7:5
MERGED from com.crashlytics.sdk.android:beta:1.1.2:7:5
MERGED from io.fabric.sdk.android:fabric:1.3.0:7:5
MERGED from com.twitter.sdk.android:tweet-composer:0.7.3:7:5
MERGED from io.fabric.sdk.android:fabric:1.3.0:7:5
MERGED from com.twitter.sdk.android:twitter-core:1.3.0:7:5
MERGED from io.fabric.sdk.android:fabric:1.3.0:7:5
MERGED from SwirlyTap:BaseGameUtils:unspecified:22:5
MERGED from com.android.support:appcompat-v7:21.0.3:15:5
MERGED from com.android.support:support-v4:21.0.3:15:5
MERGED from com.android.support:support-v4:21.0.3:15:5
MERGED from com.google.android.gms:play-services:6.5.87:18:5
MERGED from com.android.support:support-v4:21.0.3:15:5
MERGED from com.android.support:appcompat-v7:21.0.3:15:5
MERGED from com.android.support:support-v4:21.0.3:15:5
MERGED from com.android.support:support-v4:21.0.3:15:5
MERGED from com.google.android.gms:play-services:6.5.87:18:5
MERGED from com.android.support:support-v4:21.0.3:15:5
MERGED from com.mopub.sdk.android:mopub:3.5.0:7:5
MERGED from com.android.support:support-v4:21.0.3:15:5
MERGED from io.fabric.sdk.android:fabric:1.3.0:7:5
	android:targetSdkVersion
		ADDED from AndroidManifest.xml:7:9
		INJECTED from AndroidManifest.xml:0:0
		INJECTED from AndroidManifest.xml:0:0
	android:minSdkVersion
		ADDED from AndroidManifest.xml:6:9
		INJECTED from AndroidManifest.xml:0:0
		INJECTED from AndroidManifest.xml:0:0
uses-permission#android.permission.INTERNET
ADDED from AndroidManifest.xml:9:5
MERGED from com.digits.sdk.android:digits:1.2.0:9:5
MERGED from com.twitter.sdk.android:twitter-core:1.3.0:9:5
MERGED from com.twitter.sdk.android:tweet-ui:1.0.5:9:5
MERGED from com.twitter.sdk.android:twitter-core:1.3.0:9:5
MERGED from com.twitter.sdk.android:twitter-core:1.3.0:9:5
MERGED from com.twitter.sdk.android:tweet-composer:0.7.3:9:5
MERGED from com.twitter.sdk.android:twitter-core:1.3.0:9:5
MERGED from com.crashlytics.sdk.android:crashlytics:2.2.2:9:5
MERGED from com.twitter.sdk.android:tweet-composer:0.7.3:9:5
MERGED from com.twitter.sdk.android:twitter-core:1.3.0:9:5
	android:name
		ADDED from AndroidManifest.xml:9:22
uses-permission#android.permission.WRITE_EXTERNAL_STORAGE
ADDED from AndroidManifest.xml:10:5
	android:name
		ADDED from AndroidManifest.xml:10:22
uses-permission#android.permission.VIBRATE
ADDED from AndroidManifest.xml:11:5
	android:name
		ADDED from AndroidManifest.xml:11:22
uses-permission#android.permission.READ_PHONE_STATE
ADDED from AndroidManifest.xml:12:5
	android:name
		ADDED from AndroidManifest.xml:12:22
uses-permission#android.permission.READ_EXTERNAL_STORAGE
ADDED from AndroidManifest.xml:13:5
	android:maxSdkVersion
		ADDED from AndroidManifest.xml:15:9
	android:name
		ADDED from AndroidManifest.xml:14:9
application
ADDED from AndroidManifest.xml:17:5
MERGED from com.twitter.sdk.android:twitter:1.3.0:9:5
MERGED from com.digits.sdk.android:digits:1.2.0:11:5
MERGED from io.fabric.sdk.android:fabric:1.3.0:9:5
MERGED from com.twitter.sdk.android:twitter-core:1.3.0:11:5
MERGED from io.fabric.sdk.android:fabric:1.3.0:9:5
MERGED from com.twitter.sdk.android:tweet-ui:1.0.5:11:5
MERGED from io.fabric.sdk.android:fabric:1.3.0:9:5
MERGED from com.twitter.sdk.android:twitter-core:1.3.0:11:5
MERGED from io.fabric.sdk.android:fabric:1.3.0:9:5
MERGED from com.android.support:support-v4:21.0.3:16:5
MERGED from com.twitter.sdk.android:twitter-core:1.3.0:11:5
MERGED from io.fabric.sdk.android:fabric:1.3.0:9:5
MERGED from io.fabric.sdk.android:fabric:1.3.0:9:5
MERGED from com.twitter.sdk.android:tweet-composer:0.7.3:11:5
MERGED from io.fabric.sdk.android:fabric:1.3.0:9:5
MERGED from com.twitter.sdk.android:twitter-core:1.3.0:11:5
MERGED from io.fabric.sdk.android:fabric:1.3.0:9:5
MERGED from com.crashlytics.sdk.android:crashlytics:2.2.2:11:5
MERGED from com.crashlytics.sdk.android:answers:1.1.2:9:5
MERGED from io.fabric.sdk.android:fabric:1.3.0:9:5
MERGED from io.fabric.sdk.android:fabric:1.3.0:9:5
MERGED from com.crashlytics.sdk.android:beta:1.1.2:9:5
MERGED from io.fabric.sdk.android:fabric:1.3.0:9:5
MERGED from com.twitter.sdk.android:tweet-composer:0.7.3:11:5
MERGED from io.fabric.sdk.android:fabric:1.3.0:9:5
MERGED from com.twitter.sdk.android:twitter-core:1.3.0:11:5
MERGED from io.fabric.sdk.android:fabric:1.3.0:9:5
MERGED from SwirlyTap:BaseGameUtils:unspecified:30:5
MERGED from com.android.support:appcompat-v7:21.0.3:16:5
MERGED from com.android.support:support-v4:21.0.3:16:5
MERGED from com.android.support:support-v4:21.0.3:16:5
MERGED from com.google.android.gms:play-services:6.5.87:20:5
MERGED from com.android.support:support-v4:21.0.3:16:5
MERGED from com.android.support:appcompat-v7:21.0.3:16:5
MERGED from com.android.support:support-v4:21.0.3:16:5
MERGED from com.android.support:support-v4:21.0.3:16:5
MERGED from com.google.android.gms:play-services:6.5.87:20:5
MERGED from com.android.support:support-v4:21.0.3:16:5
MERGED from com.mopub.sdk.android:mopub:3.5.0:11:5
MERGED from com.android.support:support-v4:21.0.3:16:5
MERGED from io.fabric.sdk.android:fabric:1.3.0:9:5
	android:screenOrientation
		ADDED from AndroidManifest.xml:22:9
	android:label
		ADDED from AndroidManifest.xml:20:9
	android:allowBackup
		ADDED from AndroidManifest.xml:18:9
	android:icon
		ADDED from AndroidManifest.xml:19:9
	android:theme
		ADDED from AndroidManifest.xml:23:9
	android:largeHeap
		ADDED from AndroidManifest.xml:21:9
activity#com.gmail.dianaupham.swirlytap.MainActivity
ADDED from AndroidManifest.xml:24:9
	android:screenOrientation
		ADDED from AndroidManifest.xml:27:13
	android:label
		ADDED from AndroidManifest.xml:26:13
	android:name
		ADDED from AndroidManifest.xml:25:13
intent-filter#android.intent.action.MAIN+android.intent.category.LAUNCHER
ADDED from AndroidManifest.xml:28:13
action#android.intent.action.MAIN
ADDED from AndroidManifest.xml:29:17
	android:name
		ADDED from AndroidManifest.xml:29:25
category#android.intent.category.LAUNCHER
ADDED from AndroidManifest.xml:31:17
	android:name
		ADDED from AndroidManifest.xml:31:27
activity#com.gmail.dianaupham.swirlytap.SinglePlayer
ADDED from AndroidManifest.xml:34:9
	android:screenOrientation
		ADDED from AndroidManifest.xml:38:13
	android:label
		ADDED from AndroidManifest.xml:37:13
	android:configChanges
		ADDED from AndroidManifest.xml:36:13
	android:theme
		ADDED from AndroidManifest.xml:39:13
	android:name
		ADDED from AndroidManifest.xml:35:13
activity#com.gmail.dianaupham.swirlytap.levelPlay
ADDED from AndroidManifest.xml:41:9
	android:screenOrientation
		ADDED from AndroidManifest.xml:45:13
	android:label
		ADDED from AndroidManifest.xml:44:13
	android:configChanges
		ADDED from AndroidManifest.xml:43:13
	android:theme
		ADDED from AndroidManifest.xml:46:13
	android:name
		ADDED from AndroidManifest.xml:42:13
activity#com.gmail.dianaupham.swirlytap.DatabaseMainActivity
ADDED from AndroidManifest.xml:48:9
	android:screenOrientation
		ADDED from AndroidManifest.xml:51:13
	android:label
		ADDED from AndroidManifest.xml:50:13
	android:name
		ADDED from AndroidManifest.xml:49:13
activity#com.gmail.dianaupham.swirlytap.PlayAgain
ADDED from AndroidManifest.xml:52:9
	android:screenOrientation
		ADDED from AndroidManifest.xml:55:13
	android:label
		ADDED from AndroidManifest.xml:54:13
	android:name
		ADDED from AndroidManifest.xml:53:13
activity#com.gmail.dianaupham.swirlytap.Register
ADDED from AndroidManifest.xml:57:9
	android:screenOrientation
		ADDED from AndroidManifest.xml:60:13
	android:label
		ADDED from AndroidManifest.xml:59:13
	android:name
		ADDED from AndroidManifest.xml:58:13
activity#com.gmail.dianaupham.swirlytap.Login
ADDED from AndroidManifest.xml:62:9
	android:screenOrientation
		ADDED from AndroidManifest.xml:65:13
	android:label
		ADDED from AndroidManifest.xml:64:13
	android:name
		ADDED from AndroidManifest.xml:63:13
meta-data#com.crashlytics.ApiKey
ADDED from AndroidManifest.xml:68:9
	android:name
		ADDED from AndroidManifest.xml:69:13
	android:value
		ADDED from AndroidManifest.xml:70:13
activity#com.gmail.dianaupham.swirlytap.HighScoreActivity
ADDED from AndroidManifest.xml:72:9
	android:screenOrientation
		ADDED from AndroidManifest.xml:76:13
	android:label
		ADDED from AndroidManifest.xml:75:13
	android:configChanges
		ADDED from AndroidManifest.xml:74:13
	android:theme
		ADDED from AndroidManifest.xml:77:13
	android:name
		ADDED from AndroidManifest.xml:73:13
activity#com.gmail.dianaupham.swirlytap.LoginScreen
ADDED from AndroidManifest.xml:79:9
	android:screenOrientation
		ADDED from AndroidManifest.xml:82:13
	android:label
		ADDED from AndroidManifest.xml:81:13
	android:name
		ADDED from AndroidManifest.xml:80:13
activity#com.gmail.dianaupham.swirlytap.Profile
ADDED from AndroidManifest.xml:84:9
	android:label
		ADDED from AndroidManifest.xml:87:13
	android:configChanges
		ADDED from AndroidManifest.xml:86:13
	android:theme
		ADDED from AndroidManifest.xml:88:13
	android:name
		ADDED from AndroidManifest.xml:85:13
activity#com.gmail.dianaupham.swirlytap.Update
ADDED from AndroidManifest.xml:90:9
	android:screenOrientation
		ADDED from AndroidManifest.xml:93:13
	android:label
		ADDED from AndroidManifest.xml:92:13
	android:name
		ADDED from AndroidManifest.xml:91:13
activity#com.gmail.dianaupham.swirlytap.PlayAgain_Level
ADDED from AndroidManifest.xml:95:9
	android:label
		ADDED from AndroidManifest.xml:97:13
	android:name
		ADDED from AndroidManifest.xml:96:13
activity#com.mopub.mobileads.MoPubActivity
ADDED from AndroidManifest.xml:99:9
	android:configChanges
		ADDED from AndroidManifest.xml:101:13
	android:name
		ADDED from AndroidManifest.xml:100:13
activity#com.mopub.mobileads.MraidActivity
ADDED from AndroidManifest.xml:102:9
	android:configChanges
		ADDED from AndroidManifest.xml:104:13
	android:name
		ADDED from AndroidManifest.xml:103:13
activity#com.mopub.common.MoPubBrowser
ADDED from AndroidManifest.xml:105:9
	android:configChanges
		ADDED from AndroidManifest.xml:107:13
	android:name
		ADDED from AndroidManifest.xml:106:13
activity#com.mopub.mobileads.MraidVideoPlayerActivity
ADDED from AndroidManifest.xml:108:9
	android:configChanges
		ADDED from AndroidManifest.xml:110:13
	android:name
		ADDED from AndroidManifest.xml:109:13
uses-permission#android.permission.ACCESS_NETWORK_STATE
ADDED from AndroidManifest.xml:113:5
	android:name
		ADDED from AndroidManifest.xml:113:22
activity#com.digits.sdk.android.PhoneNumberActivity
ADDED from com.digits.sdk.android:digits:1.2.0:12:9
	android:windowSoftInputMode
		ADDED from com.digits.sdk.android:digits:1.2.0:18:13
	android:configChanges
		ADDED from com.digits.sdk.android:digits:1.2.0:14:13
	android:exported
		ADDED from com.digits.sdk.android:digits:1.2.0:16:13
	android:excludeFromRecents
		ADDED from com.digits.sdk.android:digits:1.2.0:15:13
	android:taskAffinity
		ADDED from com.digits.sdk.android:digits:1.2.0:17:13
	android:name
		ADDED from com.digits.sdk.android:digits:1.2.0:13:13
activity#com.digits.sdk.android.ConfirmationCodeActivity
ADDED from com.digits.sdk.android:digits:1.2.0:19:9
	android:windowSoftInputMode
		ADDED from com.digits.sdk.android:digits:1.2.0:25:13
	android:configChanges
		ADDED from com.digits.sdk.android:digits:1.2.0:21:13
	android:exported
		ADDED from com.digits.sdk.android:digits:1.2.0:23:13
	android:excludeFromRecents
		ADDED from com.digits.sdk.android:digits:1.2.0:22:13
	android:taskAffinity
		ADDED from com.digits.sdk.android:digits:1.2.0:24:13
	android:name
		ADDED from com.digits.sdk.android:digits:1.2.0:20:13
activity#com.digits.sdk.android.LoginCodeActivity
ADDED from com.digits.sdk.android:digits:1.2.0:26:9
	android:windowSoftInputMode
		ADDED from com.digits.sdk.android:digits:1.2.0:33:13
	android:configChanges
		ADDED from com.digits.sdk.android:digits:1.2.0:28:13
	android:exported
		ADDED from com.digits.sdk.android:digits:1.2.0:30:13
	android:excludeFromRecents
		ADDED from com.digits.sdk.android:digits:1.2.0:29:13
	android:taskAffinity
		ADDED from com.digits.sdk.android:digits:1.2.0:32:13
	android:name
		ADDED from com.digits.sdk.android:digits:1.2.0:27:13
	android:launchMode
		ADDED from com.digits.sdk.android:digits:1.2.0:31:13
activity#com.digits.sdk.android.PinCodeActivity
ADDED from com.digits.sdk.android:digits:1.2.0:34:9
	android:windowSoftInputMode
		ADDED from com.digits.sdk.android:digits:1.2.0:41:13
	android:configChanges
		ADDED from com.digits.sdk.android:digits:1.2.0:36:13
	android:exported
		ADDED from com.digits.sdk.android:digits:1.2.0:38:13
	android:excludeFromRecents
		ADDED from com.digits.sdk.android:digits:1.2.0:37:13
	android:taskAffinity
		ADDED from com.digits.sdk.android:digits:1.2.0:40:13
	android:name
		ADDED from com.digits.sdk.android:digits:1.2.0:35:13
	android:launchMode
		ADDED from com.digits.sdk.android:digits:1.2.0:39:13
activity#com.digits.sdk.android.FailureActivity
ADDED from com.digits.sdk.android:digits:1.2.0:42:9
	android:configChanges
		ADDED from com.digits.sdk.android:digits:1.2.0:44:13
	android:exported
		ADDED from com.digits.sdk.android:digits:1.2.0:46:13
	android:excludeFromRecents
		ADDED from com.digits.sdk.android:digits:1.2.0:45:13
	android:taskAffinity
		ADDED from com.digits.sdk.android:digits:1.2.0:47:13
	android:name
		ADDED from com.digits.sdk.android:digits:1.2.0:43:13
activity#com.digits.sdk.android.ContactsActivity
ADDED from com.digits.sdk.android:digits:1.2.0:48:9
	android:configChanges
		ADDED from com.digits.sdk.android:digits:1.2.0:50:13
	android:exported
		ADDED from com.digits.sdk.android:digits:1.2.0:52:13
	android:excludeFromRecents
		ADDED from com.digits.sdk.android:digits:1.2.0:51:13
	android:name
		ADDED from com.digits.sdk.android:digits:1.2.0:49:13
activity#com.digits.sdk.android.PhoneNumberActionBarActivity
ADDED from com.digits.sdk.android:digits:1.2.0:53:9
	android:windowSoftInputMode
		ADDED from com.digits.sdk.android:digits:1.2.0:59:13
	android:configChanges
		ADDED from com.digits.sdk.android:digits:1.2.0:55:13
	android:exported
		ADDED from com.digits.sdk.android:digits:1.2.0:57:13
	android:excludeFromRecents
		ADDED from com.digits.sdk.android:digits:1.2.0:56:13
	android:taskAffinity
		ADDED from com.digits.sdk.android:digits:1.2.0:58:13
	android:name
		ADDED from com.digits.sdk.android:digits:1.2.0:54:13
activity#com.digits.sdk.android.ConfirmationCodeActionBarActivity
ADDED from com.digits.sdk.android:digits:1.2.0:60:9
	android:windowSoftInputMode
		ADDED from com.digits.sdk.android:digits:1.2.0:66:13
	android:configChanges
		ADDED from com.digits.sdk.android:digits:1.2.0:62:13
	android:exported
		ADDED from com.digits.sdk.android:digits:1.2.0:64:13
	android:excludeFromRecents
		ADDED from com.digits.sdk.android:digits:1.2.0:63:13
	android:taskAffinity
		ADDED from com.digits.sdk.android:digits:1.2.0:65:13
	android:name
		ADDED from com.digits.sdk.android:digits:1.2.0:61:13
activity#com.digits.sdk.android.LoginCodeActionBarActivity
ADDED from com.digits.sdk.android:digits:1.2.0:67:9
	android:windowSoftInputMode
		ADDED from com.digits.sdk.android:digits:1.2.0:74:13
	android:configChanges
		ADDED from com.digits.sdk.android:digits:1.2.0:69:13
	android:exported
		ADDED from com.digits.sdk.android:digits:1.2.0:71:13
	android:excludeFromRecents
		ADDED from com.digits.sdk.android:digits:1.2.0:70:13
	android:taskAffinity
		ADDED from com.digits.sdk.android:digits:1.2.0:73:13
	android:name
		ADDED from com.digits.sdk.android:digits:1.2.0:68:13
	android:launchMode
		ADDED from com.digits.sdk.android:digits:1.2.0:72:13
activity#com.digits.sdk.android.FailureActionBarActivity
ADDED from com.digits.sdk.android:digits:1.2.0:75:9
	android:configChanges
		ADDED from com.digits.sdk.android:digits:1.2.0:77:13
	android:exported
		ADDED from com.digits.sdk.android:digits:1.2.0:79:13
	android:excludeFromRecents
		ADDED from com.digits.sdk.android:digits:1.2.0:78:13
	android:taskAffinity
		ADDED from com.digits.sdk.android:digits:1.2.0:80:13
	android:name
		ADDED from com.digits.sdk.android:digits:1.2.0:76:13
activity#com.digits.sdk.android.ContactsActionBarActivity
ADDED from com.digits.sdk.android:digits:1.2.0:81:9
	android:configChanges
		ADDED from com.digits.sdk.android:digits:1.2.0:83:13
	android:exported
		ADDED from com.digits.sdk.android:digits:1.2.0:85:13
	android:excludeFromRecents
		ADDED from com.digits.sdk.android:digits:1.2.0:84:13
	android:name
		ADDED from com.digits.sdk.android:digits:1.2.0:82:13
activity#com.digits.sdk.android.PinCodeActionBarActivity
ADDED from com.digits.sdk.android:digits:1.2.0:86:9
	android:windowSoftInputMode
		ADDED from com.digits.sdk.android:digits:1.2.0:93:13
	android:configChanges
		ADDED from com.digits.sdk.android:digits:1.2.0:88:13
	android:exported
		ADDED from com.digits.sdk.android:digits:1.2.0:90:13
	android:excludeFromRecents
		ADDED from com.digits.sdk.android:digits:1.2.0:89:13
	android:taskAffinity
		ADDED from com.digits.sdk.android:digits:1.2.0:92:13
	android:name
		ADDED from com.digits.sdk.android:digits:1.2.0:87:13
	android:launchMode
		ADDED from com.digits.sdk.android:digits:1.2.0:91:13
service#com.digits.sdk.android.ContactsUploadService
ADDED from com.digits.sdk.android:digits:1.2.0:95:9
	android:exported
		ADDED from com.digits.sdk.android:digits:1.2.0:98:13
	android:enabled
		ADDED from com.digits.sdk.android:digits:1.2.0:97:13
	android:name
		ADDED from com.digits.sdk.android:digits:1.2.0:96:13
activity#com.twitter.sdk.android.core.identity.OAuthActivity
ADDED from com.twitter.sdk.android:twitter-core:1.3.0:12:9
MERGED from com.twitter.sdk.android:twitter-core:1.3.0:12:9
MERGED from com.twitter.sdk.android:twitter-core:1.3.0:12:9
MERGED from com.twitter.sdk.android:twitter-core:1.3.0:12:9
MERGED from com.twitter.sdk.android:twitter-core:1.3.0:12:9
	android:configChanges
		ADDED from com.twitter.sdk.android:twitter-core:1.3.0:14:13
	android:exported
		ADDED from com.twitter.sdk.android:twitter-core:1.3.0:16:13
	android:excludeFromRecents
		ADDED from com.twitter.sdk.android:twitter-core:1.3.0:15:13
	android:name
		ADDED from com.twitter.sdk.android:twitter-core:1.3.0:13:13
activity#com.twitter.sdk.android.core.identity.ShareEmailActivity
ADDED from com.twitter.sdk.android:twitter-core:1.3.0:17:9
MERGED from com.twitter.sdk.android:twitter-core:1.3.0:17:9
MERGED from com.twitter.sdk.android:twitter-core:1.3.0:17:9
MERGED from com.twitter.sdk.android:twitter-core:1.3.0:17:9
MERGED from com.twitter.sdk.android:twitter-core:1.3.0:17:9
	android:label
		ADDED from com.twitter.sdk.android:twitter-core:1.3.0:23:13
	android:icon
		ADDED from com.twitter.sdk.android:twitter-core:1.3.0:22:13
	android:configChanges
		ADDED from com.twitter.sdk.android:twitter-core:1.3.0:19:13
	android:exported
		ADDED from com.twitter.sdk.android:twitter-core:1.3.0:21:13
	android:excludeFromRecents
		ADDED from com.twitter.sdk.android:twitter-core:1.3.0:20:13
	android:name
		ADDED from com.twitter.sdk.android:twitter-core:1.3.0:18:13
meta-data#unityplayer.ForwardNativeEventsToDalvik
ADDED from SwirlyTap:BaseGameUtils:unspecified:26:5
	android:name
		ADDED from SwirlyTap:BaseGameUtils:unspecified:27:9
	android:value
		ADDED from SwirlyTap:BaseGameUtils:unspecified:28:9
meta-data#com.google.android.gms.version
ADDED from com.google.android.gms:play-services:6.5.87:21:9
MERGED from com.google.android.gms:play-services:6.5.87:21:9
	android:name
		ADDED from com.google.android.gms:play-services:6.5.87:22:13
	android:value
		ADDED from com.google.android.gms:play-services:6.5.87:23:13